c:\users\szabolcs\documents\circuitsimulator_repo\cirsim\circuitsimulator\x64\debug\vc140.pdb
c:\users\szabolcs\documents\circuitsimulator_repo\cirsim\circuitsimulator\x64\debug\capacitor.sbr
c:\users\szabolcs\documents\circuitsimulator_repo\cirsim\circuitsimulator\x64\debug\circuit.sbr
c:\users\szabolcs\documents\circuitsimulator_repo\cirsim\circuitsimulator\x64\debug\componentdialog.sbr
c:\users\szabolcs\documents\circuitsimulator_repo\cirsim\circuitsimulator\x64\debug\comp_voltagesource.sbr
c:\users\szabolcs\documents\circuitsimulator_repo\cirsim\circuitsimulator\x64\debug\edge.sbr
c:\users\szabolcs\documents\circuitsimulator_repo\cirsim\circuitsimulator\x64\debug\gausselimination.sbr
c:\users\szabolcs\documents\circuitsimulator_repo\cirsim\circuitsimulator\x64\debug\moc_componentdialog.sbr
c:\users\szabolcs\documents\circuitsimulator_repo\cirsim\circuitsimulator\x64\debug\moc_icomponent.sbr
c:\users\szabolcs\documents\circuitsimulator_repo\cirsim\circuitsimulator\x64\debug\moc_qcustomplot.sbr
c:\users\szabolcs\documents\circuitsimulator_repo\cirsim\circuitsimulator\x64\debug\moc_stgrectangle.sbr
c:\users\szabolcs\documents\circuitsimulator_repo\cirsim\circuitsimulator\x64\debug\moc_testqt.sbr
c:\users\szabolcs\documents\circuitsimulator_repo\cirsim\circuitsimulator\x64\debug\grid.sbr
c:\users\szabolcs\documents\circuitsimulator_repo\cirsim\circuitsimulator\x64\debug\gridutils.sbr
c:\users\szabolcs\documents\circuitsimulator_repo\cirsim\circuitsimulator\x64\debug\ground.sbr
c:\users\szabolcs\documents\circuitsimulator_repo\cirsim\circuitsimulator\x64\debug\icomponent.sbr
c:\users\szabolcs\documents\circuitsimulator_repo\cirsim\circuitsimulator\x64\debug\main.sbr
c:\users\szabolcs\documents\circuitsimulator_repo\cirsim\circuitsimulator\x64\debug\node.sbr
c:\users\szabolcs\documents\circuitsimulator_repo\cirsim\circuitsimulator\x64\debug\nodepotential.sbr
c:\users\szabolcs\documents\circuitsimulator_repo\cirsim\circuitsimulator\x64\debug\nodepotential.obj
c:\users\szabolcs\documents\circuitsimulator_repo\cirsim\circuitsimulator\x64\debug\node.obj
c:\users\szabolcs\documents\circuitsimulator_repo\cirsim\circuitsimulator\x64\debug\main.obj
c:\users\szabolcs\documents\circuitsimulator_repo\cirsim\circuitsimulator\x64\debug\icomponent.obj
c:\users\szabolcs\documents\circuitsimulator_repo\cirsim\circuitsimulator\x64\debug\ground.obj
c:\users\szabolcs\documents\circuitsimulator_repo\cirsim\circuitsimulator\x64\debug\gridutils.obj
c:\users\szabolcs\documents\circuitsimulator_repo\cirsim\circuitsimulator\x64\debug\grid.obj
c:\users\szabolcs\documents\circuitsimulator_repo\cirsim\circuitsimulator\x64\debug\moc_testqt.obj
c:\users\szabolcs\documents\circuitsimulator_repo\cirsim\circuitsimulator\x64\debug\moc_stgrectangle.obj
c:\users\szabolcs\documents\circuitsimulator_repo\cirsim\circuitsimulator\x64\debug\moc_qcustomplot.obj
c:\users\szabolcs\documents\circuitsimulator_repo\cirsim\circuitsimulator\x64\debug\moc_icomponent.obj
c:\users\szabolcs\documents\circuitsimulator_repo\cirsim\circuitsimulator\x64\debug\moc_componentdialog.obj
c:\users\szabolcs\documents\circuitsimulator_repo\cirsim\circuitsimulator\x64\debug\gausselimination.obj
c:\users\szabolcs\documents\circuitsimulator_repo\cirsim\circuitsimulator\x64\debug\edge.obj
c:\users\szabolcs\documents\circuitsimulator_repo\cirsim\circuitsimulator\x64\debug\comp_voltagesource.obj
c:\users\szabolcs\documents\circuitsimulator_repo\cirsim\circuitsimulator\x64\debug\componentdialog.obj
c:\users\szabolcs\documents\circuitsimulator_repo\cirsim\circuitsimulator\x64\debug\circuit.obj
c:\users\szabolcs\documents\circuitsimulator_repo\cirsim\circuitsimulator\x64\debug\capacitor.obj
c:\users\szabolcs\documents\circuitsimulator_repo\cirsim\circuitsimulator\x64\debug\programmablevoltagesource.sbr
c:\users\szabolcs\documents\circuitsimulator_repo\cirsim\circuitsimulator\x64\debug\qcustomplot.sbr
c:\users\szabolcs\documents\circuitsimulator_repo\cirsim\circuitsimulator\x64\debug\resistor.sbr
c:\users\szabolcs\documents\circuitsimulator_repo\cirsim\circuitsimulator\x64\debug\simulationutils.sbr
c:\users\szabolcs\documents\circuitsimulator_repo\cirsim\circuitsimulator\x64\debug\stgrectangle.sbr
c:\users\szabolcs\documents\circuitsimulator_repo\cirsim\circuitsimulator\x64\debug\testqt.sbr
c:\users\szabolcs\documents\circuitsimulator_repo\cirsim\circuitsimulator\x64\debug\wire.sbr
c:\users\szabolcs\documents\circuitsimulator_repo\cirsim\circuitsimulator\x64\debug\wire.obj
c:\users\szabolcs\documents\circuitsimulator_repo\cirsim\circuitsimulator\x64\debug\testqt.obj
c:\users\szabolcs\documents\circuitsimulator_repo\cirsim\circuitsimulator\x64\debug\stgrectangle.obj
c:\users\szabolcs\documents\circuitsimulator_repo\cirsim\circuitsimulator\x64\debug\simulationutils.obj
c:\users\szabolcs\documents\circuitsimulator_repo\cirsim\circuitsimulator\x64\debug\resistor.obj
c:\users\szabolcs\documents\circuitsimulator_repo\cirsim\circuitsimulator\x64\debug\qcustomplot.obj
c:\users\szabolcs\documents\circuitsimulator_repo\cirsim\circuitsimulator\x64\debug\programmablevoltagesource.obj
c:\users\szabolcs\documents\circuitsimulator_repo\cirsim\circuitsimulator\x64\debug\
c:\users\szabolcs\documents\circuitsimulator_repo\cirsim\circuitsimulator\x64\debug\microphone.sbr
c:\users\szabolcs\documents\circuitsimulator_repo\cirsim\circuitsimulator\x64\debug\microphone.obj
c:\users\szabolcs\documents\circuitsimulator_repo\cirsim\circuitsimulator\x64\debug\qrc_testqt.sbr
c:\users\szabolcs\documents\circuitsimulator_repo\cirsim\circuitsimulator\x64\debug\qrc_testqt.obj
c:\users\szabolcs\documents\circuitsimulator_repo\cirsim\circuitsimulator\generatedfiles\ui_testqt.h
c:\users\szabolcs\documents\circuitsimulator_repo\cirsim\circuitsimulator\generatedfiles\debug\moc_componentdialog.cpp
c:\users\szabolcs\documents\circuitsimulator_repo\cirsim\circuitsimulator\generatedfiles\qrc_testqt.cpp
c:\users\szabolcs\documents\circuitsimulator_repo\cirsim\circuitsimulator\generatedfiles\ui_componentdialog.h
c:\users\szabolcs\documents\circuitsimulator_repo\cirsim\circuitsimulator\generatedfiles\debug\moc_icomponent.cpp
c:\users\szabolcs\documents\circuitsimulator_repo\cirsim\circuitsimulator\generatedfiles\debug\moc_testqt.cpp
c:\users\szabolcs\documents\circuitsimulator_repo\cirsim\circuitsimulator\generatedfiles\debug\moc_qcustomplot.cpp
c:\users\szabolcs\documents\circuitsimulator_repo\cirsim\circuitsimulator\generatedfiles\debug\moc_stgrectangle.cpp
c:\users\szabolcs\documents\circuitsimulator_repo\cirsim\x64\debug\circuitsimulator.pdb
c:\users\szabolcs\documents\circuitsimulator_repo\cirsim\circuitsimulator\x64\debug\circuitsimulator.tlog\cl.command.1.tlog
c:\users\szabolcs\documents\circuitsimulator_repo\cirsim\circuitsimulator\x64\debug\circuitsimulator.tlog\cl.read.1.tlog
c:\users\szabolcs\documents\circuitsimulator_repo\cirsim\circuitsimulator\x64\debug\circuitsimulator.tlog\cl.write.1.tlog
c:\users\szabolcs\documents\circuitsimulator_repo\cirsim\circuitsimulator\x64\debug\circuitsimulator.tlog\custombuild.command.1.tlog
c:\users\szabolcs\documents\circuitsimulator_repo\cirsim\circuitsimulator\x64\debug\circuitsimulator.tlog\custombuild.read.1.tlog
c:\users\szabolcs\documents\circuitsimulator_repo\cirsim\circuitsimulator\x64\debug\circuitsimulator.tlog\custombuild.write.1.tlog
c:\users\szabolcs\documents\circuitsimulator_repo\cirsim\circuitsimulator\x64\debug\circuitsimulator.tlog\link-cvtres.read.1.tlog
c:\users\szabolcs\documents\circuitsimulator_repo\cirsim\circuitsimulator\x64\debug\circuitsimulator.tlog\link-cvtres.write.1.tlog
c:\users\szabolcs\documents\circuitsimulator_repo\cirsim\circuitsimulator\x64\debug\circuitsimulator.tlog\link-rc.read.1.tlog
c:\users\szabolcs\documents\circuitsimulator_repo\cirsim\circuitsimulator\x64\debug\circuitsimulator.tlog\link-rc.write.1.tlog
c:\users\szabolcs\documents\circuitsimulator_repo\cirsim\circuitsimulator\x64\debug\circuitsimulator.tlog\link.command.1.tlog
c:\users\szabolcs\documents\circuitsimulator_repo\cirsim\circuitsimulator\x64\debug\circuitsimulator.tlog\link.read.1.tlog
c:\users\szabolcs\documents\circuitsimulator_repo\cirsim\circuitsimulator\x64\debug\circuitsimulator.tlog\link.write.1.tlog
