  Moc'ing IComponent.h...
C:\Users\Szabolcs\Documents\CircuitSimulator_Repo\CirSim\CompLib\Export\Include\IComponent.h(96): warning : Class IComponent implements the interface QGraphicsItem but does not list it in Q_INTERFACES. qobject_cast to QGraphicsItem will not work!
  moc_IComponent.cpp
  Capacitor.cpp
  complib.cpp
  Comp_VoltageSource.cpp
  Grid.cpp
  GridUtils.cpp
  Ground.cpp
  IComponent.cpp
  IDispatchComponent.cpp
  Microphone.cpp
  ProgrammableVoltageSource.cpp
  Resistor.cpp
  SimulationUtils.cpp
  Wire.cpp
  Generating Code...
     Creating library C:\Users\Szabolcs\Documents\CircuitSimulator_Repo\CirSim\x64\Debug\CompLib.lib and object C:\Users\Szabolcs\Documents\CircuitSimulator_Repo\CirSim\x64\Debug\CompLib.exp
  CompLib.vcxproj -> C:\Users\Szabolcs\Documents\CircuitSimulator_Repo\CirSim\x64\Debug\CompLib.dll
  CompLib.vcxproj -> C:\Users\Szabolcs\Documents\CircuitSimulator_Repo\CirSim\x64\Debug\CompLib.pdb (Full PDB)
