c:\users\szabolcs\documents\circuitsimulator_repo\cirsim\complib\x64\debug\vc140.pdb
c:\users\szabolcs\documents\circuitsimulator_repo\cirsim\complib\x64\debug\simulationutils.obj
c:\users\szabolcs\documents\circuitsimulator_repo\cirsim\complib\x64\debug\icomponent.obj
c:\users\szabolcs\documents\circuitsimulator_repo\cirsim\complib\x64\debug\gridutils.obj
c:\users\szabolcs\documents\circuitsimulator_repo\cirsim\complib\x64\debug\grid.obj
c:\users\szabolcs\documents\circuitsimulator_repo\cirsim\complib\x64\debug\complib.obj
c:\users\szabolcs\documents\circuitsimulator_repo\cirsim\complib\x64\debug\moc_icomponent.obj
c:\users\szabolcs\documents\circuitsimulator_repo\cirsim\complib\generatedfiles\debug\moc_icomponent.cpp
c:\users\szabolcs\documents\circuitsimulator_repo\cirsim\x64\debug\complib.pdb
c:\users\szabolcs\documents\circuitsimulator_repo\cirsim\complib\x64\debug\complib.tlog\cl.command.1.tlog
c:\users\szabolcs\documents\circuitsimulator_repo\cirsim\complib\x64\debug\complib.tlog\cl.read.1.tlog
c:\users\szabolcs\documents\circuitsimulator_repo\cirsim\complib\x64\debug\complib.tlog\cl.write.1.tlog
c:\users\szabolcs\documents\circuitsimulator_repo\cirsim\complib\x64\debug\complib.tlog\custombuild.command.1.tlog
c:\users\szabolcs\documents\circuitsimulator_repo\cirsim\complib\x64\debug\complib.tlog\custombuild.read.1.tlog
c:\users\szabolcs\documents\circuitsimulator_repo\cirsim\complib\x64\debug\complib.tlog\custombuild.write.1.tlog
c:\users\szabolcs\documents\circuitsimulator_repo\cirsim\complib\x64\debug\complib.tlog\link-cvtres.read.1.tlog
c:\users\szabolcs\documents\circuitsimulator_repo\cirsim\complib\x64\debug\complib.tlog\link-cvtres.write.1.tlog
c:\users\szabolcs\documents\circuitsimulator_repo\cirsim\complib\x64\debug\complib.tlog\link-rc.read.1.tlog
c:\users\szabolcs\documents\circuitsimulator_repo\cirsim\complib\x64\debug\complib.tlog\link-rc.write.1.tlog
c:\users\szabolcs\documents\circuitsimulator_repo\cirsim\complib\x64\debug\complib.tlog\link.command.1.tlog
c:\users\szabolcs\documents\circuitsimulator_repo\cirsim\complib\x64\debug\complib.tlog\link.read.1.tlog
c:\users\szabolcs\documents\circuitsimulator_repo\cirsim\complib\x64\debug\complib.tlog\link.write.1.tlog
