c:\users\szabolcs\documents\circuitsimulator_repo\cirsim\ui\x64\debug\vc140.pdb
c:\users\szabolcs\documents\circuitsimulator_repo\cirsim\ui\x64\debug\ui.obj
c:\users\szabolcs\documents\circuitsimulator_repo\cirsim\ui\x64\debug\componentdialog.obj
c:\users\szabolcs\documents\circuitsimulator_repo\cirsim\ui\x64\debug\audiodriverdialog.obj
c:\users\szabolcs\documents\circuitsimulator_repo\cirsim\ui\x64\debug\moc_componentdialog.obj
c:\users\szabolcs\documents\circuitsimulator_repo\cirsim\ui\x64\debug\moc_audiodriverdialog.obj
c:\users\szabolcs\documents\circuitsimulator_repo\cirsim\ui\generatedfiles\debug\moc_audiodriverdialog.cpp
c:\users\szabolcs\documents\circuitsimulator_repo\cirsim\ui\generatedfiles\debug\moc_componentdialog.cpp
c:\users\szabolcs\documents\circuitsimulator_repo\cirsim\ui\generatedfiles\ui_componentdialog.h
c:\users\szabolcs\documents\circuitsimulator_repo\cirsim\ui\generatedfiles\ui_audiodriverdialog.h
c:\users\szabolcs\documents\circuitsimulator_repo\cirsim\x64\debug\ui.ilk
c:\users\szabolcs\documents\circuitsimulator_repo\cirsim\x64\debug\ui.dll
c:\users\szabolcs\documents\circuitsimulator_repo\cirsim\x64\debug\ui.pdb
c:\users\szabolcs\documents\circuitsimulator_repo\cirsim\x64\debug\ui.lib
c:\users\szabolcs\documents\circuitsimulator_repo\cirsim\x64\debug\ui.exp
c:\users\szabolcs\documents\circuitsimulator_repo\cirsim\ui\x64\debug\ui.tlog\cl.command.1.tlog
c:\users\szabolcs\documents\circuitsimulator_repo\cirsim\ui\x64\debug\ui.tlog\cl.read.1.tlog
c:\users\szabolcs\documents\circuitsimulator_repo\cirsim\ui\x64\debug\ui.tlog\cl.write.1.tlog
c:\users\szabolcs\documents\circuitsimulator_repo\cirsim\ui\x64\debug\ui.tlog\custombuild.command.1.tlog
c:\users\szabolcs\documents\circuitsimulator_repo\cirsim\ui\x64\debug\ui.tlog\custombuild.read.1.tlog
c:\users\szabolcs\documents\circuitsimulator_repo\cirsim\ui\x64\debug\ui.tlog\custombuild.write.1.tlog
c:\users\szabolcs\documents\circuitsimulator_repo\cirsim\ui\x64\debug\ui.tlog\link.command.1.tlog
c:\users\szabolcs\documents\circuitsimulator_repo\cirsim\ui\x64\debug\ui.tlog\link.read.1.tlog
c:\users\szabolcs\documents\circuitsimulator_repo\cirsim\ui\x64\debug\ui.tlog\link.write.1.tlog
c:\users\szabolcs\documents\circuitsimulator_repo\cirsim\ui\x64\debug\ui.tlog\ui.write.1u.tlog
